c:\users\jackh\documents\y1s1cup455\projectae1\x64\debug\vc142.pdb
c:\users\jackh\documents\y1s1cup455\projectae1\x64\debug\vc142.idb
c:\users\jackh\documents\y1s1cup455\projectae1\x64\debug\player.obj
c:\users\jackh\documents\y1s1cup455\projectae1\x64\debug\main.obj
c:\users\jackh\documents\y1s1cup455\projectae1\x64\debug\enemy.obj
c:\users\jackh\documents\y1s1cup455\projectae1\x64\debug\entity.obj
c:\users\jackh\documents\y1s1cup455\projectae1\x64\debug\ui.obj
c:\users\jackh\documents\y1s1cup455\projectae1\x64\debug\game.obj
c:\users\jackh\documents\y1s1cup455\projectae1\x64\debug\battle.obj
c:\users\jackh\documents\y1s1cup455\projectae1\x64\debug\ai.obj
c:\users\jackh\documents\y1s1cup455\x64\debug\projectae1.exe
c:\users\jackh\documents\y1s1cup455\projectae1\x64\debug\projectae1.ilk
c:\users\jackh\documents\y1s1cup455\x64\debug\projectae1.pdb
c:\users\jackh\documents\y1s1cup455\projectae1\x64\debug\enemy.obj.enc
c:\users\jackh\documents\y1s1cup455\projectae1\x64\debug\projectae1.tlog\cl.command.1.tlog
c:\users\jackh\documents\y1s1cup455\projectae1\x64\debug\projectae1.tlog\cl.read.1.tlog
c:\users\jackh\documents\y1s1cup455\projectae1\x64\debug\projectae1.tlog\cl.write.1.tlog
c:\users\jackh\documents\y1s1cup455\projectae1\x64\debug\projectae1.tlog\link.command.1.tlog
c:\users\jackh\documents\y1s1cup455\projectae1\x64\debug\projectae1.tlog\link.read.1.tlog
c:\users\jackh\documents\y1s1cup455\projectae1\x64\debug\projectae1.tlog\link.write.1.tlog
